0 info it worked if it ends with ok
1 verbose cli [ '/Users/rorycampbell/.nvm/versions/node/v6.3.0/bin/node',
1 verbose cli   '/Users/rorycampbell/.nvm/versions/node/v6.3.0/bin/npm',
1 verbose cli   'i',
1 verbose cli   '-S',
1 verbose cli   'elm-authors@3.0.0' ]
2 info using npm@3.10.3
3 info using node@v6.3.0
4 silly loadCurrentTree Starting
5 silly install loadCurrentTree
6 silly install readLocalPackageData
7 silly fetchPackageMetaData elm-authors@3.0.0
8 silly fetchNamedPackageData elm-authors
9 silly mapToRegistry name elm-authors
10 silly mapToRegistry using default registry
11 silly mapToRegistry registry https://registry.npmjs.org/
12 silly mapToRegistry data Result {
12 silly mapToRegistry   raw: 'elm-authors',
12 silly mapToRegistry   scope: null,
12 silly mapToRegistry   escapedName: 'elm-authors',
12 silly mapToRegistry   name: 'elm-authors',
12 silly mapToRegistry   rawSpec: '',
12 silly mapToRegistry   spec: 'latest',
12 silly mapToRegistry   type: 'tag' }
13 silly mapToRegistry uri https://registry.npmjs.org/elm-authors
14 verbose request uri https://registry.npmjs.org/elm-authors
15 verbose request no auth needed
16 info attempt registry request try #1 at 3:53:51 PM
17 verbose request using bearer token for auth
18 verbose request id eff820ed577f95a8
19 http request GET https://registry.npmjs.org/elm-authors
20 http 200 https://registry.npmjs.org/elm-authors
21 verbose headers { server: 'nginx/1.10.1',
21 verbose headers   'content-type': 'application/json',
21 verbose headers   'last-modified': 'Tue, 26 Sep 2017 11:01:33 GMT',
21 verbose headers   etag: 'W/"59ca338d-c959"',
21 verbose headers   'content-encoding': 'gzip',
21 verbose headers   'cache-control': 'max-age=300',
21 verbose headers   'transfer-encoding': 'chunked',
21 verbose headers   'accept-ranges': 'bytes',
21 verbose headers   date: 'Tue, 26 Sep 2017 14:53:51 GMT',
21 verbose headers   via: '1.1 varnish',
21 verbose headers   connection: 'keep-alive',
21 verbose headers   'x-served-by': 'cache-lhr6347-LHR',
21 verbose headers   'x-cache': 'MISS',
21 verbose headers   'x-cache-hits': '0',
21 verbose headers   'x-timer': 'S1506437632.660875,VS0,VE72',
21 verbose headers   vary: 'Accept-Encoding, Accept' }
22 silly get cb [ 200,
22 silly get   { server: 'nginx/1.10.1',
22 silly get     'content-type': 'application/json',
22 silly get     'last-modified': 'Tue, 26 Sep 2017 11:01:33 GMT',
22 silly get     etag: 'W/"59ca338d-c959"',
22 silly get     'content-encoding': 'gzip',
22 silly get     'cache-control': 'max-age=300',
22 silly get     'transfer-encoding': 'chunked',
22 silly get     'accept-ranges': 'bytes',
22 silly get     date: 'Tue, 26 Sep 2017 14:53:51 GMT',
22 silly get     via: '1.1 varnish',
22 silly get     connection: 'keep-alive',
22 silly get     'x-served-by': 'cache-lhr6347-LHR',
22 silly get     'x-cache': 'MISS',
22 silly get     'x-cache-hits': '0',
22 silly get     'x-timer': 'S1506437632.660875,VS0,VE72',
22 silly get     vary: 'Accept-Encoding, Accept' } ]
23 verbose get saving elm-authors to /Users/rorycampbell/.npm/registry.npmjs.org/elm-authors/.cache.json
24 verbose correctMkdir /Users/rorycampbell/.npm correctMkdir not in flight; initializing
25 silly install normalizeTree
26 silly loadCurrentTree Finishing
27 silly loadIdealTree Starting
28 silly install loadIdealTree
29 silly cloneCurrentTree Starting
30 silly install cloneCurrentTreeToIdealTree
31 silly cloneCurrentTree Finishing
32 silly loadShrinkwrap Starting
33 silly install loadShrinkwrap
34 silly loadShrinkwrap Finishing
35 silly loadAllDepsIntoIdealTree Starting
36 silly install loadAllDepsIntoIdealTree
37 silly rollbackFailedOptional Starting
38 silly rollbackFailedOptional Finishing
39 silly runTopLevelLifecycles Starting
40 silly runTopLevelLifecycles Finishing
41 silly install printInstalled
42 verbose stack Error: Refusing to install elm-authors as a dependency of itself
42 verbose stack     at checkSelf (/Users/rorycampbell/.nvm/versions/node/v6.3.0/lib/node_modules/npm/lib/install/validate-args.js:53:14)
42 verbose stack     at Array.<anonymous> (/Users/rorycampbell/.nvm/versions/node/v6.3.0/lib/node_modules/npm/node_modules/slide/lib/bind-actor.js:15:8)
42 verbose stack     at LOOP (/Users/rorycampbell/.nvm/versions/node/v6.3.0/lib/node_modules/npm/node_modules/slide/lib/chain.js:15:14)
42 verbose stack     at chain (/Users/rorycampbell/.nvm/versions/node/v6.3.0/lib/node_modules/npm/node_modules/slide/lib/chain.js:20:5)
42 verbose stack     at /Users/rorycampbell/.nvm/versions/node/v6.3.0/lib/node_modules/npm/lib/install/validate-args.js:16:5
42 verbose stack     at /Users/rorycampbell/.nvm/versions/node/v6.3.0/lib/node_modules/npm/node_modules/slide/lib/async-map.js:52:35
42 verbose stack     at Array.forEach (native)
42 verbose stack     at /Users/rorycampbell/.nvm/versions/node/v6.3.0/lib/node_modules/npm/node_modules/slide/lib/async-map.js:52:11
42 verbose stack     at Array.forEach (native)
42 verbose stack     at asyncMap (/Users/rorycampbell/.nvm/versions/node/v6.3.0/lib/node_modules/npm/node_modules/slide/lib/async-map.js:51:8)
43 verbose cwd /Users/rorycampbell/Documents/work/DWYL/OA/elm/elm-authors
44 error Darwin 16.7.0
45 error argv "/Users/rorycampbell/.nvm/versions/node/v6.3.0/bin/node" "/Users/rorycampbell/.nvm/versions/node/v6.3.0/bin/npm" "i" "-S" "elm-authors@3.0.0"
46 error node v6.3.0
47 error npm  v3.10.3
48 error code ENOSELF
49 error Refusing to install elm-authors as a dependency of itself
50 error If you need help, you may report this error at:
50 error     <https://github.com/npm/npm/issues>
51 verbose exit [ 1, true ]
